{"name": "test_delmember[霍格沃兹_3]", "status": "broken", "statusDetails": {"message": "selenium.common.exceptions.NoSuchElementException: Message: An element could not be located on the page using the given search parameters.", "trace": "self = <testcase.test_delmember.TestContact object at 0x000001916BE91970>, name = '霍格沃兹_3'\n\n    @pytest.mark.parametrize('name',data)\n    def test_delmember(self,name):\n>       sub =self.main.goto_contactlist().search_contact().search_input(name).click_del_value(name).personal_information().information_settings().edit_members_page().search_input(name).assert_del(name)\n\ntest_delmember.py:16: \n_ _ _ _ _ _ _ _ _ _ _ _ _ _ _ _ _ _ _ _ _ _ _ _ _ _ _ _ _ _ _ _ _ _ _ _ _ _ _ _ _ _ _ _ _ _ _ _ _ _ _ _ _ _ _ _ _ _ _\n..\\page\\searchoinput.py:17: in search_input\n    self.fing(MobileBy.XPATH, '//*[@text=\"搜索\"]').send_keys(name)\n..\\page\\basepage.py:23: in fing\n    return self.driver.find_element(by,locator)\n..\\..\\python\\lib\\site-packages\\appium\\webdriver\\webdriver.py:279: in find_element\n    return self.execute(RemoteCommand.FIND_ELEMENT, {\n..\\..\\python\\lib\\site-packages\\selenium\\webdriver\\remote\\webdriver.py:321: in execute\n    self.error_handler.check_response(response)\n..\\..\\python\\lib\\site-packages\\appium\\webdriver\\errorhandler.py:31: in check_response\n    raise wde\n..\\..\\python\\lib\\site-packages\\appium\\webdriver\\errorhandler.py:26: in check_response\n    super().check_response(response)\n_ _ _ _ _ _ _ _ _ _ _ _ _ _ _ _ _ _ _ _ _ _ _ _ _ _ _ _ _ _ _ _ _ _ _ _ _ _ _ _ _ _ _ _ _ _ _ _ _ _ _ _ _ _ _ _ _ _ _\n\nself = <appium.webdriver.errorhandler.MobileErrorHandler object at 0x000001916BB00DC0>\nresponse = {'status': 404, 'value': '{\"value\":{\"error\":\"no such element\",\"message\":\"An element could not be located on the page u...ces\\\\\\\\app\\\\\\\\node_modules\\\\\\\\appium\\\\\\\\node_modules\\\\\\\\appium-android-driver\\\\\\\\lib\\\\\\\\commands\\\\\\\\find.js:75:11)\"}}'}\n\n    def check_response(self, response):\n        \"\"\"\n        Checks that a JSON response from the WebDriver does not have an error.\n    \n        :Args:\n         - response - The JSON response from the WebDriver server as a dictionary\n           object.\n    \n        :Raises: If the response contains an error message.\n        \"\"\"\n        status = response.get('status', None)\n        if status is None or status == ErrorCode.SUCCESS:\n            return\n        value = None\n        message = response.get(\"message\", \"\")\n        screen = response.get(\"screen\", \"\")\n        stacktrace = None\n        if isinstance(status, int):\n            value_json = response.get('value', None)\n            if value_json and isinstance(value_json, basestring):\n                import json\n                try:\n                    value = json.loads(value_json)\n                    if len(value.keys()) == 1:\n                        value = value['value']\n                    status = value.get('error', None)\n                    if status is None:\n                        status = value[\"status\"]\n                        message = value[\"value\"]\n                        if not isinstance(message, basestring):\n                            value = message\n                            message = message.get('message')\n                    else:\n                        message = value.get('message', None)\n                except ValueError:\n                    pass\n    \n        exception_class = ErrorInResponseException\n        if status in ErrorCode.NO_SUCH_ELEMENT:\n            exception_class = NoSuchElementException\n        elif status in ErrorCode.NO_SUCH_FRAME:\n            exception_class = NoSuchFrameException\n        elif status in ErrorCode.NO_SUCH_WINDOW:\n            exception_class = NoSuchWindowException\n        elif status in ErrorCode.STALE_ELEMENT_REFERENCE:\n            exception_class = StaleElementReferenceException\n        elif status in ErrorCode.ELEMENT_NOT_VISIBLE:\n            exception_class = ElementNotVisibleException\n        elif status in ErrorCode.INVALID_ELEMENT_STATE:\n            exception_class = InvalidElementStateException\n        elif status in ErrorCode.INVALID_SELECTOR \\\n                or status in ErrorCode.INVALID_XPATH_SELECTOR \\\n                or status in ErrorCode.INVALID_XPATH_SELECTOR_RETURN_TYPER:\n            exception_class = InvalidSelectorException\n        elif status in ErrorCode.ELEMENT_IS_NOT_SELECTABLE:\n            exception_class = ElementNotSelectableException\n        elif status in ErrorCode.ELEMENT_NOT_INTERACTABLE:\n            exception_class = ElementNotInteractableException\n        elif status in ErrorCode.INVALID_COOKIE_DOMAIN:\n            exception_class = InvalidCookieDomainException\n        elif status in ErrorCode.UNABLE_TO_SET_COOKIE:\n            exception_class = UnableToSetCookieException\n        elif status in ErrorCode.TIMEOUT:\n            exception_class = TimeoutException\n        elif status in ErrorCode.SCRIPT_TIMEOUT:\n            exception_class = TimeoutException\n        elif status in ErrorCode.UNKNOWN_ERROR:\n            exception_class = WebDriverException\n        elif status in ErrorCode.UNEXPECTED_ALERT_OPEN:\n            exception_class = UnexpectedAlertPresentException\n        elif status in ErrorCode.NO_ALERT_OPEN:\n            exception_class = NoAlertPresentException\n        elif status in ErrorCode.IME_NOT_AVAILABLE:\n            exception_class = ImeNotAvailableException\n        elif status in ErrorCode.IME_ENGINE_ACTIVATION_FAILED:\n            exception_class = ImeActivationFailedException\n        elif status in ErrorCode.MOVE_TARGET_OUT_OF_BOUNDS:\n            exception_class = MoveTargetOutOfBoundsException\n        elif status in ErrorCode.JAVASCRIPT_ERROR:\n            exception_class = JavascriptException\n        elif status in ErrorCode.SESSION_NOT_CREATED:\n            exception_class = SessionNotCreatedException\n        elif status in ErrorCode.INVALID_ARGUMENT:\n            exception_class = InvalidArgumentException\n        elif status in ErrorCode.NO_SUCH_COOKIE:\n            exception_class = NoSuchCookieException\n        elif status in ErrorCode.UNABLE_TO_CAPTURE_SCREEN:\n            exception_class = ScreenshotException\n        elif status in ErrorCode.ELEMENT_CLICK_INTERCEPTED:\n            exception_class = ElementClickInterceptedException\n        elif status in ErrorCode.INSECURE_CERTIFICATE:\n            exception_class = InsecureCertificateException\n        elif status in ErrorCode.INVALID_COORDINATES:\n            exception_class = InvalidCoordinatesException\n        elif status in ErrorCode.INVALID_SESSION_ID:\n            exception_class = InvalidSessionIdException\n        elif status in ErrorCode.UNKNOWN_METHOD:\n            exception_class = UnknownMethodException\n        else:\n            exception_class = WebDriverException\n        if value == '' or value is None:\n            value = response['value']\n        if isinstance(value, basestring):\n            if exception_class == ErrorInResponseException:\n                raise exception_class(response, value)\n            raise exception_class(value)\n        if message == \"\" and 'message' in value:\n            message = value['message']\n    \n        screen = None\n        if 'screen' in value:\n            screen = value['screen']\n    \n        stacktrace = None\n        if 'stackTrace' in value and value['stackTrace']:\n            stacktrace = []\n            try:\n                for frame in value['stackTrace']:\n                    line = self._value_or_default(frame, 'lineNumber', '')\n                    file = self._value_or_default(frame, 'fileName', '<anonymous>')\n                    if line:\n                        file = \"%s:%s\" % (file, line)\n                    meth = self._value_or_default(frame, 'methodName', '<anonymous>')\n                    if 'className' in frame:\n                        meth = \"%s.%s\" % (frame['className'], meth)\n                    msg = \"    at %s (%s)\"\n                    msg = msg % (meth, file)\n                    stacktrace.append(msg)\n            except TypeError:\n                pass\n        if exception_class == ErrorInResponseException:\n            raise exception_class(response, message)\n        elif exception_class == UnexpectedAlertPresentException:\n            alert_text = None\n            if 'data' in value:\n                alert_text = value['data'].get('text')\n            elif 'alert' in value:\n                alert_text = value['alert'].get('text')\n            raise exception_class(message, screen, stacktrace, alert_text)\n>       raise exception_class(message, screen, stacktrace)\nE       selenium.common.exceptions.NoSuchElementException: Message: An element could not be located on the page using the given search parameters.\n\n..\\..\\python\\lib\\site-packages\\selenium\\webdriver\\remote\\errorhandler.py:242: NoSuchElementException"}, "steps": [{"name": "进入通讯录", "status": "passed", "start": 1597745227352, "stop": 1597745230838}, {"name": "搜索", "status": "passed", "start": 1597745230838, "stop": 1597745235173}, {"name": "输入要删除的成员", "status": "passed", "start": 1597745235173, "stop": 1597745236294}, {"name": "选择删除的成员", "status": "passed", "start": 1597745239294, "stop": 1597745239695}, {"name": "删除的成员", "status": "passed", "start": 1597745249691, "stop": 1597745265805}, {"name": "输入要删除的成员", "status": "broken", "statusDetails": {"message": "selenium.common.exceptions.NoSuchElementException: Message: An element could not be located on the page using the given search parameters.\n\n", "trace": "  File \"E:\\ofg\\ceshiren\\app_wework\\page\\searchoinput.py\", line 17, in search_input\n    self.fing(MobileBy.XPATH, '//*[@text=\"搜索\"]').send_keys(name)\n  File \"E:\\ofg\\ceshiren\\app_wework\\page\\basepage.py\", line 23, in fing\n    return self.driver.find_element(by,locator)\n  File \"e:\\ofg\\ceshiren\\python\\lib\\site-packages\\appium\\webdriver\\webdriver.py\", line 279, in find_element\n    return self.execute(RemoteCommand.FIND_ELEMENT, {\n  File \"e:\\ofg\\ceshiren\\python\\lib\\site-packages\\selenium\\webdriver\\remote\\webdriver.py\", line 321, in execute\n    self.error_handler.check_response(response)\n  File \"e:\\ofg\\ceshiren\\python\\lib\\site-packages\\appium\\webdriver\\errorhandler.py\", line 31, in check_response\n    raise wde\n  File \"e:\\ofg\\ceshiren\\python\\lib\\site-packages\\appium\\webdriver\\errorhandler.py\", line 26, in check_response\n    super().check_response(response)\n  File \"e:\\ofg\\ceshiren\\python\\lib\\site-packages\\selenium\\webdriver\\remote\\errorhandler.py\", line 242, in check_response\n    raise exception_class(message, screen, stacktrace)\n"}, "start": 1597745265805, "stop": 1597745285950}], "attachments": [{"name": "log", "source": "1c113fdd-95e3-4337-b2c2-e78dfef98b2f-attachment.txt", "type": "text/plain"}, {"name": "stdout", "source": "595b8d47-0306-45ef-9595-56e2ad80531a-attachment.txt", "type": "text/plain"}, {"name": "stderr", "source": "2fe0b85f-f8cb-4e5c-a357-f06e63f78dc2-attachment.txt", "type": "text/plain"}], "parameters": [{"name": "name", "value": "'霍格沃兹_3'"}], "start": 1597745227352, "stop": 1597745285953, "uuid": "6fefa8c8-3e32-4dc5-8aba-57822f7f5e5a", "historyId": "b2d9534f88f9b07b4cbf251bd0f9fdba", "testCaseId": "6f1f537ce72c96cae85a2fe4d2ea6b46", "fullName": "test_delmember.TestContact#test_delmember", "labels": [{"name": "suite", "value": "test_delmember"}, {"name": "subSuite", "value": "TestContact"}, {"name": "host", "value": "MS-JEFRZNCJQQTI"}, {"name": "thread", "value": "11828-MainThread"}, {"name": "framework", "value": "pytest"}, {"name": "language", "value": "cpython3"}, {"name": "package", "value": "test_delmember"}]}